<?xml version="1.0" encoding="UTF-8"?>
<testsuite name="org.hyperskill.calculator.tip.Stage1UnitTest" tests="5" skipped="0" failures="0" errors="0" timestamp="2024-07-05T20:00:50" hostname="SILVER" time="3.649">
  <properties/>
  <testcase name="test00_checkEditText" classname="org.hyperskill.calculator.tip.Stage1UnitTest" time="0.367"/>
  <testcase name="test01_checkSlider" classname="org.hyperskill.calculator.tip.Stage1UnitTest" time="0.444"/>
  <testcase name="test02_checkBillValueTextView" classname="org.hyperskill.calculator.tip.Stage1UnitTest" time="0.662"/>
  <testcase name="test03_checkTipPercentTextView" classname="org.hyperskill.calculator.tip.Stage1UnitTest" time="0.72"/>
  <testcase name="test04_checkTipAmountTextView" classname="org.hyperskill.calculator.tip.Stage1UnitTest" time="1.451"/>
  <system-out><![CDATA[]]></system-out>
  <system-err><![CDATA[]]></system-err>
</testsuite>
